<?xml version="1.0" encoding="UTF-8"?>
<!-- Generated by org.testng.reporters.JUnitReportReporter -->
<testsuite hostname="TVMATP312510D" name="com.crm.testCase.LoginPageTest" tests="1" failures="0" timestamp="25 Jul 2019 05:03:05 GMT" time="36.967" errors="0">
  <testcase name="loginPageTittleTest" time="36.967" classname="com.crm.testCase.LoginPageTest"/>
</testsuite> <!-- com.crm.testCase.LoginPageTest -->
